<?xml version="1.0" encoding="UTF-8"?>
<!-- Generated by org.testng.reporters.JUnitReportReporter -->
<testsuite hostname="DESKTOP-1H5GCMD" failures="0" tests="4" name="session04.CheckForValidResponse" time="5.359" errors="0" timestamp="2024-01-21T20:36:32 IST" skipped="2">
  <testcase classname="session04.CheckForValidResponse" name="practice" time="0.376"/>
  <system-out/>
  <testcase classname="session04.CheckForValidResponse" name="GetSingleUser_BDDStyle" time="4.983"/>
  <system-out/>
  <testcase classname="session04.CheckForValidResponse" name="GetSingleUser">
    <skipped/>
  </testcase> <!-- GetSingleUser -->
  <system-out/>
  <testcase classname="session04.CheckForValidResponse" name="GetSingleUserUsingValidatableResponse">
    <skipped/>
  </testcase> <!-- GetSingleUserUsingValidatableResponse -->
  <system-out/>
</testsuite> <!-- session04.CheckForValidResponse -->
