<?xml version="1.0" encoding="UTF-8"?>
<!-- Generated by org.testng.reporters.JUnitReportReporter -->
<testsuite hostname="DESKTOP-1H5GCMD" failures="0" tests="1" name="session03.Test_DeleteMethod" time="6.677" errors="0" timestamp="2024-01-21T19:32:48 IST" skipped="0">
  <testcase classname="session03.Test_DeleteMethod" name="test06" time="6.677"/>
  <system-out/>
</testsuite> <!-- session03.Test_DeleteMethod -->
