<?xml version="1.0" encoding="UTF-8"?>
<!-- Generated by org.testng.reporters.JUnitReportReporter -->
<testsuite hostname="DESKTOP-1H5GCMD" failures="0" tests="1" name="session10.AuthorizationDemo" time="5.728" errors="0" timestamp="2024-01-22T16:25:27 IST" skipped="0">
  <testcase classname="session10.AuthorizationDemo" name="GetWeatherDataByCity" time="5.728"/>
  <system-out/>
</testsuite> <!-- session10.AuthorizationDemo -->
