<?xml version="1.0" encoding="UTF-8"?>
<!-- Generated by org.testng.reporters.JUnitReportReporter -->
<testsuite hostname="DESKTOP-1H5GCMD" failures="0" tests="2" name="session03.Test_GetMethod" time="6.008" errors="0" timestamp="2024-01-21T20:25:37 IST" skipped="0">
  <testcase classname="session03.Test_GetMethod" name="test02" time="0.232"/>
  <system-out/>
  <testcase classname="session03.Test_GetMethod" name="test01" time="5.776"/>
  <system-out/>
</testsuite> <!-- session03.Test_GetMethod -->
