<?xml version="1.0" encoding="UTF-8"?>
<!-- Generated by org.testng.reporters.JUnitReportReporter -->
<testsuite hostname="DESKTOP-1H5GCMD" failures="0" tests="4" name="session04.CheckForValidResponse2" time="4.042" errors="0" timestamp="2024-01-21T20:37:52 IST" skipped="2">
  <testcase classname="session04.CheckForValidResponse2" name="practice" time="0.304"/>
  <system-out/>
  <testcase classname="session04.CheckForValidResponse2" name="GetSingleUser_BDDStyle" time="3.738"/>
  <system-out/>
  <testcase classname="session04.CheckForValidResponse2" name="GetSingleUser">
    <skipped/>
  </testcase> <!-- GetSingleUser -->
  <system-out/>
  <testcase classname="session04.CheckForValidResponse2" name="GetSingleUserUsingValidatableResponse">
    <skipped/>
  </testcase> <!-- GetSingleUserUsingValidatableResponse -->
  <system-out/>
</testsuite> <!-- session04.CheckForValidResponse2 -->
