<?xml version="1.0" encoding="UTF-8"?>
<!-- Generated by org.testng.reporters.JUnitReportReporter -->
<testsuite hostname="DESKTOP-1H5GCMD" failures="0" tests="1" name="session03.Test_PatchMethod" time="4.455" errors="0" timestamp="2024-02-03T20:31:12 IST" skipped="0">
  <testcase classname="session03.Test_PatchMethod" name="test05" time="4.455"/>
  <system-out/>
</testsuite> <!-- session03.Test_PatchMethod -->
