<?xml version="1.0" encoding="UTF-8"?>
<!-- Generated by org.testng.reporters.JUnitReportReporter -->
<testsuite hostname="DESKTOP-1H5GCMD" failures="0" tests="1" name="session23.DemoTestComplexNestedJSONObject" time="5.864" errors="0" timestamp="2024-01-21T20:03:38 IST" skipped="0">
  <testcase classname="session23.DemoTestComplexNestedJSONObject" name="createUser" time="5.864"/>
  <system-out/>
</testsuite> <!-- session23.DemoTestComplexNestedJSONObject -->
